<?xml version="1.0" encoding="UTF-8"?>
<!-- Generated by org.testng.reporters.JUnitReportReporter -->
<testsuite hostname="LAPTOP-UOSNP22B" failures="0" tests="3" name="TestCase.LoginPageTestCases" time="11.573" errors="0" timestamp="2024-06-13T19:32:58 IST" skipped="0">
  <testcase classname="TestCase.LoginPageTestCases" name="tc010" time="5.240"/>
  <testcase classname="TestCase.LoginPageTestCases" name="tc010" time="3.459"/>
  <testcase classname="TestCase.LoginPageTestCases" name="tc010" time="2.874"/>
</testsuite> <!-- TestCase.LoginPageTestCases -->
