<?xml version="1.0" encoding="UTF-8"?>
<!-- Generated by org.testng.reporters.JUnitReportReporter -->
<testsuite hostname="LAPTOP-UOSNP22B" failures="0" tests="6" name="TestCase.ForGrouping" time="0.015" errors="0" timestamp="2024-06-13T08:35:02 IST" skipped="0">
  <testcase classname="TestCase.ForGrouping" name="tc002" time="0.001"/>
  <testcase classname="TestCase.ForGrouping" name="tc003" time="0.001"/>
  <testcase classname="TestCase.ForGrouping" name="tc006" time="0.001"/>
  <testcase classname="TestCase.ForGrouping" name="tc010" time="0.002"/>
  <testcase classname="TestCase.ForGrouping" name="tc009" time="0.002"/>
  <testcase classname="TestCase.ForGrouping" name="tc001" time="0.008"/>
</testsuite> <!-- TestCase.ForGrouping -->
