<?xml version="1.0" encoding="UTF-8"?>
<!-- Generated by org.testng.reporters.JUnitReportReporter -->
<testsuite hostname="LAPTOP-UOSNP22B" failures="0" tests="1" name="TestCase.PracticeTestCases" time="10.111" errors="0" timestamp="2024-06-19T18:42:15 IST" skipped="0">
  <testcase classname="TestCase.PracticeTestCases" name="testCase01" time="10.111"/>
</testsuite> <!-- TestCase.PracticeTestCases -->
