<?xml version="1.0" encoding="UTF-8"?>
<!-- Generated by org.testng.reporters.JUnitReportReporter -->
<testsuite hostname="LAPTOP-UOSNP22B" failures="0" tests="1" name="TestCase.PracticeTestCases" time="20.221" errors="0" timestamp="2024-06-18T07:45:41 IST" skipped="0">
  <testcase classname="TestCase.PracticeTestCases" name="testCase18" time="20.221"/>
</testsuite> <!-- TestCase.PracticeTestCases -->
